<?xml version="1.0" encoding="UTF-8"?>
<testng-results total="1" passed="1" failed="0" skipped="0">
  <reporter-output>
  </reporter-output>
  <suite started-at="2021-03-12T13:24:47Z" name="Default suite" finished-at="2021-03-12T13:24:59Z" duration-ms="11229">
    <groups>
    </groups>
    <test started-at="2021-03-12T13:24:47Z" name="Default test" finished-at="2021-03-12T13:24:59Z" duration-ms="11229">
      <class name="testspageobjectfactory.CreateAccountTest">
        <test-method signature="CreateAccount()[pri:0, instance:testspageobjectfactory.CreateAccountTest@73e9cf30]" started-at="2021-03-12T18:54:47Z" name="CreateAccount" finished-at="2021-03-12T18:54:59Z" duration-ms="11214" status="PASS">
          <reporter-output>
          </reporter-output>
        </test-method> <!-- CreateAccount -->
      </class> <!-- testspageobjectfactory.CreateAccountTest -->
    </test> <!-- Default test -->
  </suite> <!-- Default suite -->
</testng-results>
